# JRE version: OpenJDK Runtime Environment (8.0_152-b01) (build 1.8.0_152-release-915-b01)
# Java VM: OpenJDK 64-Bit Server VM (25.152-b01 mixed mode windows-amd64 compressed oops)
Heap:
 PSYoungGen      total 287232K, used 42479K [0x00000000e0000000, 0x00000000f5d80000, 0x0000000100000000)
  eden space 223744K, 18% used [0x00000000e0000000,0x00000000e2837e68,0x00000000eda80000)
  from space 63488K, 2% used [0x00000000f1f80000,0x00000000f20c4010,0x00000000f5d80000)
  to   space 67072K, 0% used [0x00000000eda80000,0x00000000eda80000,0x00000000f1c00000)
 ParOldGen       total 350208K, used 79605K [0x00000000a0000000, 0x00000000b5600000, 0x00000000e0000000)
  object space 350208K, 22% used [0x00000000a0000000,0x00000000a4dbd608,0x00000000b5600000)
 Metaspace       used 83276K, capacity 88360K, committed 89432K, reserved 1126400K
  class space    used 10261K, capacity 11413K, committed 11648K, reserved 1048576K
GC Heap History (10 events):
Event: 10012.857 GC heap before
{Heap before GC invocations=30 (full 4):
 PSYoungGen      total 212992K, used 38903K [0x00000000e0000000, 0x00000000f4300000, 0x0000000100000000)
  eden space 174080K, 0% used [0x00000000e0000000,0x00000000e0000000,0x00000000eaa00000)
  from space 38912K, 99% used [0x00000000eeb80000,0x00000000f117ded0,0x00000000f1180000)
  to   space 67072K, 0% used [0x00000000eaa00000,0x00000000eaa00000,0x00000000eeb80000)
 ParOldGen       total 201728K, used 197867K [0x00000000a0000000, 0x00000000ac500000, 0x00000000e0000000)
  object space 201728K, 98% used [0x00000000a0000000,0x00000000ac13ace8,0x00000000ac500000)
 Metaspace       used 83688K, capacity 89110K, committed 89432K, reserved 1126400K
  class space    used 10335K, capacity 11528K, committed 11648K, reserved 1048576K
Event: 10013.002 GC heap after
Heap after GC invocations=30 (full 4):
 PSYoungGen      total 212992K, used 0K [0x00000000e0000000, 0x00000000f4300000, 0x0000000100000000)
  eden space 174080K, 0% used [0x00000000e0000000,0x00000000e0000000,0x00000000eaa00000)
  from space 38912K, 0% used [0x00000000eeb80000,0x00000000eeb80000,0x00000000f1180000)
  to   space 67072K, 0% used [0x00000000eaa00000,0x00000000eaa00000,0x00000000eeb80000)
 ParOldGen       total 350208K, used 79597K [0x00000000a0000000, 0x00000000b5600000, 0x00000000e0000000)
  object space 350208K, 22% used [0x00000000a0000000,0x00000000a4dbb608,0x00000000b5600000)
 Metaspace       used 83156K, capacity 88162K, committed 89432K, reserved 1126400K
  class space    used 10240K, capacity 11358K, committed 11648K, reserved 1048576K
}
Event: 10013.374 GC heap before
{Heap before GC invocations=31 (full 4):
 PSYoungGen      total 212992K, used 173566K [0x00000000e0000000, 0x00000000f4300000, 0x0000000100000000)
  eden space 174080K, 99% used [0x00000000e0000000,0x00000000ea97f8b8,0x00000000eaa00000)
  from space 38912K, 0% used [0x00000000eeb80000,0x00000000eeb80000,0x00000000f1180000)
  to   space 67072K, 0% used [0x00000000eaa00000,0x00000000eaa00000,0x00000000eeb80000)
 ParOldGen       total 350208K, used 79597K [0x00000000a0000000, 0x00000000b5600000, 0x00000000e0000000)
  object space 350208K, 22% used [0x00000000a0000000,0x00000000a4dbb608,0x00000000b5600000)
 Metaspace       used 83173K, capacity 88190K, committed 89432K, reserved 1126400K
  class space    used 10245K, capacity 11366K, committed 11648K, reserved 1048576K
Event: 10013.377 GC heap after
Heap after GC invocations=31 (full 4):
 PSYoungGen      total 241152K, used 10010K [0x00000000e0000000, 0x00000000f3b00000, 0x0000000100000000)
  eden space 174080K, 0% used [0x00000000e0000000,0x00000000e0000000,0x00000000eaa00000)
  from space 67072K, 14% used [0x00000000eaa00000,0x00000000eb3c6948,0x00000000eeb80000)
  to   space 67072K, 0% used [0x00000000ef980000,0x00000000ef980000,0x00000000f3b00000)
 ParOldGen       total 350208K, used 79605K [0x00000000a0000000, 0x00000000b5600000, 0x00000000e0000000)
  object space 350208K, 22% used [0x00000000a0000000,0x00000000a4dbd608,0x00000000b5600000)
 Metaspace       used 83173K, capacity 88190K, committed 89432K, reserved 1126400K
  class space    used 10245K, capacity 11366K, committed 11648K, reserved 1048576K
}
Event: 10013.419 GC heap before
{Heap before GC invocations=32 (full 4):
 PSYoungGen      total 241152K, used 183283K [0x00000000e0000000, 0x00000000f3b00000, 0x0000000100000000)
  eden space 174080K, 99% used [0x00000000e0000000,0x00000000ea936320,0x00000000eaa00000)
  from space 67072K, 14% used [0x00000000eaa00000,0x00000000eb3c6948,0x00000000eeb80000)
  to   space 67072K, 0% used [0x00000000ef980000,0x00000000ef980000,0x00000000f3b00000)
 ParOldGen       total 350208K, used 79605K [0x00000000a0000000, 0x00000000b5600000, 0x00000000e0000000)
  object space 350208K, 22% used [0x00000000a0000000,0x00000000a4dbd608,0x00000000b5600000)
 Metaspace       used 83179K, capacity 88190K, committed 89432K, reserved 1126400K
  class space    used 10245K, capacity 11366K, committed 11648K, reserved 1048576K
Event: 10013.421 GC heap after
Heap after GC invocations=32 (full 4):
 PSYoungGen      total 254976K, used 5212K [0x00000000e0000000, 0x00000000f4580000, 0x0000000100000000)
  eden space 187904K, 0% used [0x00000000e0000000,0x00000000e0000000,0x00000000eb780000)
  from space 67072K, 7% used [0x00000000ef980000,0x00000000efe97038,0x00000000f3b00000)
  to   space 67584K, 0% used [0x00000000eb780000,0x00000000eb780000,0x00000000ef980000)
 ParOldGen       total 350208K, used 79605K [0x00000000a0000000, 0x00000000b5600000, 0x00000000e0000000)
  object space 350208K, 22% used [0x00000000a0000000,0x00000000a4dbd608,0x00000000b5600000)
 Metaspace       used 83179K, capacity 88190K, committed 89432K, reserved 1126400K
  class space    used 10245K, capacity 11366K, committed 11648K, reserved 1048576K
}
Event: 10013.434 GC heap before
{Heap before GC invocations=33 (full 4):
 PSYoungGen      total 254976K, used 193054K [0x00000000e0000000, 0x00000000f4580000, 0x0000000100000000)
  eden space 187904K, 99% used [0x00000000e0000000,0x00000000eb770a30,0x00000000eb780000)
  from space 67072K, 7% used [0x00000000ef980000,0x00000000efe97038,0x00000000f3b00000)
  to   space 67584K, 0% used [0x00000000eb780000,0x00000000eb780000,0x00000000ef980000)
 ParOldGen       total 350208K, used 79605K [0x00000000a0000000, 0x00000000b5600000, 0x00000000e0000000)
  object space 350208K, 22% used [0x00000000a0000000,0x00000000a4dbd608,0x00000000b5600000)
 Metaspace       used 83179K, capacity 88190K, committed 89432K, reserved 1126400K
  class space    used 10245K, capacity 11366K, committed 11648K, reserved 1048576K
Event: 10013.435 GC heap after
Heap after GC invocations=33 (full 4):
 PSYoungGen      total 255488K, used 1629K [0x00000000e0000000, 0x00000000f6180000, 0x0000000100000000)
  eden space 187904K, 0% used [0x00000000e0000000,0x00000000e0000000,0x00000000eb780000)
  from space 67584K, 2% used [0x00000000eb780000,0x00000000eb9175b0,0x00000000ef980000)
  to   space 67584K, 0% used [0x00000000f1f80000,0x00000000f1f80000,0x00000000f6180000)
 ParOldGen       total 350208K, used 79605K [0x00000000a0000000, 0x00000000b5600000, 0x00000000e0000000)
  object space 350208K, 22% used [0x00000000a0000000,0x00000000a4dbd608,0x00000000b5600000)
 Metaspace       used 83179K, capacity 88190K, committed 89432K, reserved 1126400K
  class space    used 10245K, capacity 11366K, committed 11648K, reserved 1048576K
}
Event: 10013.740 GC heap before
{Heap before GC invocations=34 (full 4):
 PSYoungGen      total 255488K, used 189533K [0x00000000e0000000, 0x00000000f6180000, 0x0000000100000000)
  eden space 187904K, 100% used [0x00000000e0000000,0x00000000eb780000,0x00000000eb780000)
  from space 67584K, 2% used [0x00000000eb780000,0x00000000eb9175b0,0x00000000ef980000)
  to   space 67584K, 0% used [0x00000000f1f80000,0x00000000f1f80000,0x00000000f6180000)
 ParOldGen       total 350208K, used 79605K [0x00000000a0000000, 0x00000000b5600000, 0x00000000e0000000)
  object space 350208K, 22% used [0x00000000a0000000,0x00000000a4dbd608,0x00000000b5600000)
 Metaspace       used 83261K, capacity 88356K, committed 89432K, reserved 1126400K
  class space    used 10261K, capacity 11413K, committed 11648K, reserved 1048576K
Event: 10013.742 GC heap after
Heap after GC invocations=34 (full 4):
 PSYoungGen      total 287232K, used 1296K [0x00000000e0000000, 0x00000000f5d80000, 0x0000000100000000)
  eden space 223744K, 0% used [0x00000000e0000000,0x00000000e0000000,0x00000000eda80000)
  from space 63488K, 2% used [0x00000000f1f80000,0x00000000f20c4010,0x00000000f5d80000)
  to   space 67072K, 0% used [0x00000000eda80000,0x00000000eda80000,0x00000000f1c00000)
 ParOldGen       total 350208K, used 79605K [0x00000000a0000000, 0x00000000b5600000, 0x00000000e0000000)
  object space 350208K, 22% used [0x00000000a0000000,0x00000000a4dbd608,0x00000000b5600000)
 Metaspace       used 83261K, capacity 88356K, committed 89432K, reserved 1126400K
  class space    used 10261K, capacity 11413K, committed 11648K, reserved 1048576K
}

